<?xml version="1.0" encoding="UTF-8"?>
<!-- Generated by org.testng.reporters.JUnitReportReporter -->
<testsuite hostname="DESKTOP-MSQGFI6" name="com.mobile.testing.appium.AmazonTestCase" tests="2" failures="0" timestamp="23 Jan 2020 01:59:08 GMT" time="77.649" errors="0">
  <testcase name="amazonTesting" time="47.084" classname="com.mobile.testing.appium.AmazonTestCase"/>
  <testcase name="searchAndCompare" time="30.565" classname="com.mobile.testing.appium.AmazonTestCase"/>
</testsuite> <!-- com.mobile.testing.appium.AmazonTestCase -->
